[debug] [2025-01-26T23:10:44.778Z] ----------------------------------------------------------------------
[debug] [2025-01-26T23:10:44.780Z] Command:       /usr/local/bin/node /usr/local/bin/firebase projects:list --json
[debug] [2025-01-26T23:10:44.781Z] CLI Version:   12.7.0
[debug] [2025-01-26T23:10:44.781Z] Platform:      darwin
[debug] [2025-01-26T23:10:44.781Z] Node Version:  v20.16.0
[debug] [2025-01-26T23:10:44.781Z] Time:          Sun Jan 26 2025 18:10:44 GMT-0500 (Eastern Standard Time)
[debug] [2025-01-26T23:10:44.781Z] ----------------------------------------------------------------------
[debug] 
[debug] [2025-01-26T23:10:44.784Z] >>> [apiv2][query] GET https://firebase-public.firebaseio.com/cli.json [none]
[debug] [2025-01-26T23:10:44.830Z] > command requires scopes: ["email","openid","https://www.googleapis.com/auth/cloudplatformprojects.readonly","https://www.googleapis.com/auth/firebase","https://www.googleapis.com/auth/cloud-platform"]
[debug] [2025-01-26T23:10:44.830Z] > authorizing via signed-in user (andrew.surratt.dev@gmail.com)
[debug] [2025-01-26T23:10:44.832Z] > refreshing access token with scopes: []
[debug] [2025-01-26T23:10:44.833Z] >>> [apiv2][query] POST https://www.googleapis.com/oauth2/v3/token [none]
[debug] [2025-01-26T23:10:44.833Z] >>> [apiv2][body] POST https://www.googleapis.com/oauth2/v3/token [omitted]
[debug] [2025-01-26T23:10:45.029Z] <<< [apiv2][status] POST https://www.googleapis.com/oauth2/v3/token 400
[debug] [2025-01-26T23:10:45.029Z] <<< [apiv2][body] POST https://www.googleapis.com/oauth2/v3/token [omitted]
[debug] [2025-01-26T23:10:45.030Z] >>> [apiv2][query] GET https://firebase.googleapis.com/v1beta1/projects pageSize=1000
[debug] [2025-01-26T23:10:45.103Z] <<< [apiv2][status] GET https://firebase-public.firebaseio.com/cli.json 200
[debug] [2025-01-26T23:10:45.103Z] <<< [apiv2][body] GET https://firebase-public.firebaseio.com/cli.json {"cloudBuildErrorAfter":1594252800000,"cloudBuildWarnAfter":1590019200000,"defaultNode10After":1594252800000,"minVersion":"3.0.5","node8DeploysDisabledAfter":1613390400000,"node8RuntimeDisabledAfter":1615809600000,"node8WarnAfter":1600128000000}
[debug] [2025-01-26T23:10:45.149Z] <<< [apiv2][status] GET https://firebase.googleapis.com/v1beta1/projects 401
[debug] [2025-01-26T23:10:45.149Z] <<< [apiv2][body] GET https://firebase.googleapis.com/v1beta1/projects [omitted]
[debug] [2025-01-26T23:10:45.150Z] HTTP Error: 401, Request had invalid authentication credentials. Expected OAuth 2 access token, login cookie or other valid authentication credential. See https://developers.google.com/identity/sign-in/web/devconsole-project.
[debug] [2025-01-26T23:10:45.151Z] FirebaseError: HTTP Error: 401, Request had invalid authentication credentials. Expected OAuth 2 access token, login cookie or other valid authentication credential. See https://developers.google.com/identity/sign-in/web/devconsole-project.
    at responseToError (/usr/local/lib/node_modules/firebase-tools/lib/responseToError.js:49:12)
    at RetryOperation._fn (/usr/local/lib/node_modules/firebase-tools/lib/apiv2.js:285:77)
    at process.processTicksAndRejections (node:internal/process/task_queues:95:5)
[error] 
[error] Error: Failed to list Firebase projects. See firebase-debug.log for more info.
